<?xml version="1.0" encoding="UTF-8"?>
<!-- Generated by org.testng.reporters.JUnitXMLReporter -->
<testsuite hostname="DESKTOP-OLMMIPV" ignored="0" name="ChromeTest" tests="5" failures="0" timestamp="2023-05-11T21:01:07 IST" time="88.136" errors="0">
  <testcase name="LoginwithValidCredentialsTC1" time="4.088" classname="com.QALegend.qa.Testcases.LoginPageTestcases"/>
  <testcase name="LoginwithInValidCredentialsTC2" time="1.853" classname="com.QALegend.qa.Testcases.LoginPageTestcases"/>
  <testcase name="ValidusernameinvalidpwdTC3" time="1.482" classname="com.QALegend.qa.Testcases.LoginPageTestcases"/>
  <testcase name="InvalidusernamevalidpwdTC4" time="1.659" classname="com.QALegend.qa.Testcases.LoginPageTestcases"/>
  <testcase name="ForgotpwdTC5" time="2.682" classname="com.QALegend.qa.Testcases.LoginPageTestcases"/>
</testsuite> <!-- ChromeTest -->
